
Из базы данных были подчитанны следующие пользователи:
Платон:12345:192.168.32.16:11:20:30 06.03.2020 - Money=316 Gold=6 Wood=1 Rock=9

Наступил новый день! Сегодня 06.03.2020 system system black blod
 * Serving Flask app "run" (lazy loading)
 * Environment: production
   WARNING: Do not use the development server in a production environment.
   Use a production WSGI server instead.
 * Debug mode: off

Из базы данных были подчитанны следующие пользователи:
Платон:12345:192.168.32.16:Online - Money=296 Gold=6 Wood=1 Rock=9

Наступил новый день! Сегодня 06.03.2020 system system black blod
 * Serving Flask app "run" (lazy loading)
 * Environment: production
   WARNING: Do not use the development server in a production environment.
   Use a production WSGI server instead.
 * Debug mode: off

Из базы данных были подчитанны следующие пользователи:
Платон:12345:192.168.32.16:Online - Money=296 Gold=6 Wood=1 Rock=9

Наступил новый день! Сегодня 06.03.2020 system system black blod
В игру вошёл Платон system system black normal
 * Serving Flask app "run" (lazy loading)
 * Environment: production
   WARNING: Do not use the development server in a production environment.
   Use a production WSGI server instead.
 * Debug mode: off

Из базы данных были подчитанны следующие пользователи:
Платон:12345:192.168.32.16:11:24:17 06.03.2020 - Money=276 Gold=6 Wood=1 Rock=9

Наступил новый день! Сегодня 06.03.2020 system system black blod
В игру вошёл Платон system system black normal
 * Serving Flask app "run" (lazy loading)
 * Environment: production
   WARNING: Do not use the development server in a production environment.
   Use a production WSGI server instead.
 * Debug mode: off
Наступил новый день! Сегодня 07.03.2020 system system black blod
В игру вошёл Платон system system black normal
Наступил новый день! Сегодня 08.03.2020 system system black blod
Наступил новый день! Сегодня 09.03.2020 system system black blod
Наступил новый день! Сегодня 10.03.2020 system system black blod
Наступил новый день! Сегодня 11.03.2020 system system black blod
Наступил новый день! Сегодня 12.03.2020 system system black blod
Наступил новый день! Сегодня 13.03.2020 system system black blod
Наступил новый день! Сегодня 14.03.2020 system system black blod
Наступил новый день! Сегодня 15.03.2020 system system black blod
Наступил новый день! Сегодня 16.03.2020 system system black blod
Наступил новый день! Сегодня 17.03.2020 system system black blod
Наступил новый день! Сегодня 18.03.2020 system system black blod
Наступил новый день! Сегодня 19.03.2020 system system black blod
Наступил новый день! Сегодня 20.03.2020 system system black blod
Наступил новый день! Сегодня 21.03.2020 system system black blod
Наступил новый день! Сегодня 22.03.2020 system system black blod
Наступил новый день! Сегодня 23.03.2020 system system black blod
Наступил новый день! Сегодня 24.03.2020 system system black blod
Наступил новый день! Сегодня 25.03.2020 system system black blod
Наступил новый день! Сегодня 26.03.2020 system system black blod
Наступил новый день! Сегодня 27.03.2020 system system black blod
Наступил новый день! Сегодня 28.03.2020 system system black blod
Наступил новый день! Сегодня 29.03.2020 system system black blod
Наступил новый день! Сегодня 30.03.2020 system system black blod
Наступил новый день! Сегодня 31.03.2020 system system black blod
Наступил новый день! Сегодня 01.04.2020 system system black blod
Наступил новый день! Сегодня 02.04.2020 system system black blod
Наступил новый день! Сегодня 03.04.2020 system system black blod
Наступил новый день! Сегодня 04.04.2020 system system black blod
Наступил новый день! Сегодня 05.04.2020 system system black blod
Наступил новый день! Сегодня 06.04.2020 system system black blod
Наступил новый день! Сегодня 07.04.2020 system system black blod
Наступил новый день! Сегодня 08.04.2020 system system black blod
Наступил новый день! Сегодня 09.04.2020 system system black blod
Наступил новый день! Сегодня 10.04.2020 system system black blod
Наступил новый день! Сегодня 11.04.2020 system system black blod
Наступил новый день! Сегодня 12.04.2020 system system black blod
Наступил новый день! Сегодня 13.04.2020 system system black blod
Наступил новый день! Сегодня 14.04.2020 system system black blod
Наступил новый день! Сегодня 15.04.2020 system system black blod
Наступил новый день! Сегодня 16.04.2020 system system black blod
Наступил новый день! Сегодня 17.04.2020 system system black blod
Наступил новый день! Сегодня 18.04.2020 system system black blod
Наступил новый день! Сегодня 19.04.2020 system system black blod
Наступил новый день! Сегодня 20.04.2020 system system black blod
Наступил новый день! Сегодня 21.04.2020 system system black blod
Наступил новый день! Сегодня 22.04.2020 system system black blod
Наступил новый день! Сегодня 23.04.2020 system system black blod
Наступил новый день! Сегодня 24.04.2020 system system black blod
Наступил новый день! Сегодня 25.04.2020 system system black blod
Наступил новый день! Сегодня 26.04.2020 system system black blod
Наступил новый день! Сегодня 27.04.2020 system system black blod
Наступил новый день! Сегодня 28.04.2020 system system black blod
Наступил новый день! Сегодня 29.04.2020 system system black blod
Наступил новый день! Сегодня 30.04.2020 system system black blod
Наступил новый день! Сегодня 01.05.2020 system system black blod
Наступил новый день! Сегодня 02.05.2020 system system black blod
Наступил новый день! Сегодня 03.05.2020 system system black blod
Наступил новый день! Сегодня 04.05.2020 system system black blod
Наступил новый день! Сегодня 05.05.2020 system system black blod
Наступил новый день! Сегодня 06.05.2020 system system black blod
Наступил новый день! Сегодня 07.05.2020 system system black blod
Наступил новый день! Сегодня 08.05.2020 system system black blod
Наступил новый день! Сегодня 09.05.2020 system system black blod
Наступил новый день! Сегодня 10.05.2020 system system black blod
Наступил новый день! Сегодня 11.05.2020 system system black blod
Наступил новый день! Сегодня 12.05.2020 system system black blod
Наступил новый день! Сегодня 13.05.2020 system system black blod
Наступил новый день! Сегодня 14.05.2020 system system black blod
Наступил новый день! Сегодня 15.05.2020 system system black blod
Наступил новый день! Сегодня 16.05.2020 system system black blod
Наступил новый день! Сегодня 17.05.2020 system system black blod
Наступил новый день! Сегодня 18.05.2020 system system black blod
Наступил новый день! Сегодня 19.05.2020 system system black blod
Наступил новый день! Сегодня 20.05.2020 system system black blod
Наступил новый день! Сегодня 21.05.2020 system system black blod
Наступил новый день! Сегодня 22.05.2020 system system black blod
Наступил новый день! Сегодня 23.05.2020 system system black blod
Наступил новый день! Сегодня 24.05.2020 system system black blod
Наступил новый день! Сегодня 25.05.2020 system system black blod
Наступил новый день! Сегодня 26.05.2020 system system black blod
Наступил новый день! Сегодня 27.05.2020 system system black blod
Наступил новый день! Сегодня 28.05.2020 system system black blod
Наступил новый день! Сегодня 29.05.2020 system system black blod
Наступил новый день! Сегодня 30.05.2020 system system black blod
Наступил новый день! Сегодня 31.05.2020 system system black blod
Наступил новый день! Сегодня 01.06.2020 system system black blod
Наступил новый день! Сегодня 02.06.2020 system system black blod
Наступил новый день! Сегодня 03.06.2020 system system black blod
Наступил новый день! Сегодня 04.06.2020 system system black blod
Наступил новый день! Сегодня 05.06.2020 system system black blod
Наступил новый день! Сегодня 06.06.2020 system system black blod
Из базы данных были подчитанны следующие пользователи:
Платон:12345:192.168.32.16:12:13:30 06.03.2020 - Money=256 Gold=6 Wood=1 Rock=9

Наступил новый день! Сегодня 06.03.2020 system system black blod
В игру вошёл Платон system system black normal

Из базы данных были подчитанны следующие пользователи:
Платон:12345:192.168.32.16:Online - Money=246 Gold=6 Wood=1 Rock=9

Наступил новый день! Сегодня 06.03.2020 system system black blod
В игру вошёл Платон system system black normal

Из базы данных были подчитанны следующие пользователи:
Платон:12345:192.168.32.16:Online - Money=236 Gold=6 Wood=1 Rock=9

Наступил новый день! Сегодня 06.03.2020 system system black blod
 * Serving Flask app "run" (lazy loading)
 * Environment: production
   WARNING: Do not use the development server in a production environment.
   Use a production WSGI server instead.
 * Debug mode: off

Из базы данных были подчитанны следующие пользователи:
Платон:12345:192.168.32.16:Online - Money=226 Gold=6 Wood=1 Rock=9

 * Serving Flask app "run" (lazy loading)
 * Environment: production
   WARNING: Do not use the development server in a production environment.
   Use a production WSGI server instead.
 * Debug mode: off

Из базы данных были подчитанны следующие пользователи:
Платон:12345:192.168.32.16:Online - Money=226 Gold=6 Wood=1 Rock=9

Наступил новый день! Сегодня 06.03.2020 info system black blod
 * Serving Flask app "run" (lazy loading)
В игру вошёл Платон system system green normal
 * Environment: production
   WARNING: Do not use the development server in a production environment.
   Use a production WSGI server instead.
 * Debug mode: off

Из базы данных были подчитанны следующие пользователи:
Платон:12345:192.168.32.16:12:20:11 06.03.2020 - Money=206 Gold=6 Wood=1 Rock=9

Наступил новый день! Сегодня 06.03.2020 info system black blod
 * Serving Flask app "run" (lazy loading)
В игру вошёл Платон system system green normal
 * Environment: production
   WARNING: Do not use the development server in a production environment.
   Use a production WSGI server instead.
 * Debug mode: off

Из базы данных были подчитанны следующие пользователи:
Платон:12345:192.168.32.16:Online - Money=176 Gold=6 Wood=1 Rock=9

Наступил новый день! Сегодня 06.03.2020 info system black blod
В игру вошёл Платон system system green normal
 * Serving Flask app "run" (lazy loading)
 * Environment: production
   WARNING: Do not use the development server in a production environment.
   Use a production WSGI server instead.
 * Debug mode: off

Из базы данных были подчитанны следующие пользователи:
Платон:12345:192.168.32.16:12:32:30 06.03.2020 - Money=148 Gold=5 Wood=1 Rock=9

 * Serving Flask app "run" (lazy loading)
 * Environment: production
   WARNING: Do not use the development server in a production environment.
   Use a production WSGI server instead.
 * Debug mode: off
